<?xml version="1.0" encoding="UTF-8"?>
<testng-results skipped="0" failed="0" ignored="0" total="2" passed="2">
  <reporter-output>
  </reporter-output>
  <suite name="Suite" duration-ms="75817" started-at="2020-05-08T07:13:34Z" finished-at="2020-05-08T07:14:49Z">
    <groups>
      <group name="cucumber">
        <method signature="AbstractTestNGCucumberTests.runScenario(cucumber.api.testng.PickleEventWrapper, cucumber.api.testng.CucumberFeatureWrapper)[pri:0, instance:com.runner.testrunner@61832929]" name="runScenario" class="cucumber.api.testng.AbstractTestNGCucumberTests"/>
      </group> <!-- cucumber -->
    </groups>
    <test name="Test" duration-ms="75817" started-at="2020-05-08T07:13:34Z" finished-at="2020-05-08T07:14:49Z">
      <class name="com.runner.testrunner">
        <test-method status="PASS" signature="setUpClass()[pri:0, instance:com.runner.testrunner@61832929]" name="setUpClass" is-config="true" duration-ms="752" started-at="2020-05-08T07:13:34Z" finished-at="2020-05-08T07:13:34Z">
          <reporter-output>
          </reporter-output>
        </test-method> <!-- setUpClass -->
        <test-method status="PASS" signature="runScenario(cucumber.api.testng.PickleEventWrapper, cucumber.api.testng.CucumberFeatureWrapper)[pri:0, instance:com.runner.testrunner@61832929]" name="runScenario" duration-ms="39780" started-at="2020-05-08T07:13:35Z" description="Runs Cucumber Scenarios" data-provider="scenarios" finished-at="2020-05-08T07:14:14Z">
          <params>
            <param index="0">
              <value>
                <![CDATA["verify login page"]]>
              </value>
            </param>
            <param index="1">
              <value>
                <![CDATA["verify facebook details"]]>
              </value>
            </param>
          </params>
          <reporter-output>
          </reporter-output>
        </test-method> <!-- runScenario -->
        <test-method status="PASS" signature="runScenario(cucumber.api.testng.PickleEventWrapper, cucumber.api.testng.CucumberFeatureWrapper)[pri:0, instance:com.runner.testrunner@61832929]" name="runScenario" duration-ms="34890" started-at="2020-05-08T07:14:14Z" description="Runs Cucumber Scenarios" data-provider="scenarios" finished-at="2020-05-08T07:14:49Z">
          <params>
            <param index="0">
              <value>
                <![CDATA["verify login page"]]>
              </value>
            </param>
            <param index="1">
              <value>
                <![CDATA["verify facebook details"]]>
              </value>
            </param>
          </params>
          <reporter-output>
          </reporter-output>
        </test-method> <!-- runScenario -->
        <test-method status="PASS" signature="tearDownClass()[pri:0, instance:com.runner.testrunner@61832929]" name="tearDownClass" is-config="true" duration-ms="101" started-at="2020-05-08T07:14:49Z" finished-at="2020-05-08T07:14:49Z">
          <reporter-output>
          </reporter-output>
        </test-method> <!-- tearDownClass -->
      </class> <!-- com.runner.testrunner -->
    </test> <!-- Test -->
  </suite> <!-- Suite -->
</testng-results>
